C:\USERS\SBOBOVYC\WORKSPACE\JA-BIA-TOOLS\SRC\EXPERIMENTAL\VS12\JABIA\JABIA_DEBUG\RELEASE\DLLMAIN.OBJ
C:\USERS\SBOBOVYC\WORKSPACE\JA-BIA-TOOLS\SRC\EXPERIMENTAL\VS12\JABIA\JABIA_DEBUG\RELEASE\DEBUG.OBJ
C:\USERS\SBOBOVYC\WORKSPACE\JA-BIA-TOOLS\SRC\EXPERIMENTAL\VS12\JABIA\JABIA_DEBUG\RELEASE\CHARACTER.OBJ
C:\USERS\SBOBOVYC\WORKSPACE\JA-BIA-TOOLS\SRC\EXPERIMENTAL\VS12\JABIA\JABIA_DEBUG\RELEASE\GAME_VERSION.OBJ
C:\USERS\SBOBOVYC\WORKSPACE\JA-BIA-TOOLS\SRC\EXPERIMENTAL\VS12\JABIA\JABIA_DEBUG\RELEASE\VC110.PDB
C:\Users\sbobovyc\workspace\JA-BiA-Tools\src\experimental\vs12\JABIA\Release\JABIA_debug.lib
C:\Users\sbobovyc\workspace\JA-BiA-Tools\src\experimental\vs12\JABIA\Release\JABIA_debug.exp
C:\USERS\SBOBOVYC\WORKSPACE\JA-BIA-TOOLS\SRC\EXPERIMENTAL\VS12\JABIA\RELEASE\JABIA_DEBUG.DLL
C:\USERS\SBOBOVYC\WORKSPACE\JA-BIA-TOOLS\SRC\EXPERIMENTAL\VS12\JABIA\RELEASE\JABIA_DEBUG.PDB
C:\USERS\SBOBOVYC\WORKSPACE\JA-BIA-TOOLS\SRC\EXPERIMENTAL\VS12\JABIA\JABIA_DEBUG\RELEASE\JABIA.RES
C:\Users\sbobovyc\workspace\JA-BiA-Tools\src\experimental\vs12\JABIA\JABIA_debug\Release\character.obj
C:\Users\sbobovyc\workspace\JA-BiA-Tools\src\experimental\vs12\JABIA\JABIA_debug\Release\debug.obj
C:\Users\sbobovyc\workspace\JA-BiA-Tools\src\experimental\vs12\JABIA\JABIA_debug\Release\dllmain.obj
C:\Users\sbobovyc\workspace\JA-BiA-Tools\src\experimental\vs12\JABIA\JABIA_debug\Release\game_version.obj
C:\Users\sbobovyc\workspace\JA-BiA-Tools\src\experimental\vs12\JABIA\JABIA_debug\Release\cl.command.1.tlog
C:\Users\sbobovyc\workspace\JA-BiA-Tools\src\experimental\vs12\JABIA\JABIA_debug\Release\CL.read.1.tlog
C:\Users\sbobovyc\workspace\JA-BiA-Tools\src\experimental\vs12\JABIA\JABIA_debug\Release\CL.write.1.tlog
C:\Users\sbobovyc\workspace\JA-BiA-Tools\src\experimental\vs12\JABIA\JABIA_debug\Release\JABIA_debug.write.1.tlog
C:\Users\sbobovyc\workspace\JA-BiA-Tools\src\experimental\vs12\JABIA\JABIA_debug\Release\link-cvtres.read.1.tlog
C:\Users\sbobovyc\workspace\JA-BiA-Tools\src\experimental\vs12\JABIA\JABIA_debug\Release\link-cvtres.write.1.tlog
C:\Users\sbobovyc\workspace\JA-BiA-Tools\src\experimental\vs12\JABIA\JABIA_debug\Release\link-rc.read.1.tlog
C:\Users\sbobovyc\workspace\JA-BiA-Tools\src\experimental\vs12\JABIA\JABIA_debug\Release\link-rc.write.1.tlog
C:\Users\sbobovyc\workspace\JA-BiA-Tools\src\experimental\vs12\JABIA\JABIA_debug\Release\link.command.1.tlog
C:\Users\sbobovyc\workspace\JA-BiA-Tools\src\experimental\vs12\JABIA\JABIA_debug\Release\link.read.1.tlog
C:\Users\sbobovyc\workspace\JA-BiA-Tools\src\experimental\vs12\JABIA\JABIA_debug\Release\link.write.1.tlog
C:\Users\sbobovyc\workspace\JA-BiA-Tools\src\experimental\vs12\JABIA\JABIA_debug\Release\rc.command.1.tlog
C:\Users\sbobovyc\workspace\JA-BiA-Tools\src\experimental\vs12\JABIA\JABIA_debug\Release\rc.read.1.tlog
C:\Users\sbobovyc\workspace\JA-BiA-Tools\src\experimental\vs12\JABIA\JABIA_debug\Release\rc.write.1.tlog
C:\Users\sbobovyc\workspace\JA-BiA-Tools\src\experimental\vs12\JABIA\JABIA_debug\Release\jabia.res
C:\Users\sbobovyc\workspace\JA-BiA-Tools\src\experimental\vs12\JABIA\JABIA_debug\Release\vc110.pdb
C:\Users\sbobovyc\workspace\JA-BiA-Tools\src\experimental\vs12\JABIA\Release\JABIA_debug.pdb
C:\Users\sbobovyc\workspace\JA-BiA-Tools\src\experimental\vs12\JABIA\Release\JABIA_debug.dll
